<?xml version="1.0" encoding="UTF-8"?>
<!-- Generated by org.testng.reporters.JUnitReportReporter -->
<testsuite skipped="0" hostname="SINGHRO02" name="AcademyOnline.HomePage" tests="2" failures="0" timestamp="05 Feb 2019 06:59:27 GMT" time="29.512" errors="0">
  <testcase name="basePagenavigation" time="15.129" classname="AcademyOnline.HomePage"/>
  <testcase name="basePagenavigation" time="14.383" classname="AcademyOnline.HomePage"/>
</testsuite> <!-- AcademyOnline.HomePage -->
