<?xml version="1.0" encoding="UTF-8"?>
<!-- Generated by org.testng.reporters.JUnitReportReporter -->
<testsuite skipped="0" hostname="SINGHRO02" name="cucumberOptions.TestRunner" tests="1" failures="0" timestamp="06 Mar 2019 06:07:01 GMT" time="43.577" errors="0">
  <testcase name="feature" time="43.577" classname="cucumberOptions.TestRunner"/>
</testsuite> <!-- cucumberOptions.TestRunner -->
