<?xml version="1.0" encoding="UTF-8"?>
<!-- Generated by org.testng.reporters.JUnitReportReporter -->
<testsuite skipped="0" hostname="SINGHRO02" name="AcademyOnline.ValidateNavigationBarTest" tests="1" failures="0" timestamp="04 Feb 2019 10:16:59 GMT" time="0.079" errors="0">
  <testcase name="basePagenavigation" time="0.079" classname="AcademyOnline.ValidateNavigationBarTest"/>
</testsuite> <!-- AcademyOnline.ValidateNavigationBarTest -->
