<?xml version="1.0" encoding="UTF-8"?>
<!-- Generated by org.testng.reporters.JUnitReportReporter -->
<testsuite skipped="0" hostname="SINGHRO02" name="AcademyOnline.HomePage" tests="2" failures="0" timestamp="06 Mar 2019 06:10:49 GMT" time="30.644" errors="0">
  <testcase name="basePagenavigation" time="17.295" classname="AcademyOnline.HomePage"/>
  <testcase name="basePagenavigation" time="13.349" classname="AcademyOnline.HomePage"/>
</testsuite> <!-- AcademyOnline.HomePage -->
