<?xml version="1.0" encoding="UTF-8"?>
<!-- Generated by org.testng.reporters.JUnitReportReporter -->
<testsuite skipped="0" hostname="SINGHRO02" name="AcademyOnline.ValidateNavigationBar" tests="1" failures="0" timestamp="06 Mar 2019 06:10:49 GMT" time="0.061" errors="0">
  <testcase name="navigationBarTest" time="0.061" classname="AcademyOnline.ValidateNavigationBar"/>
</testsuite> <!-- AcademyOnline.ValidateNavigationBar -->
